Using pre-set license
Built from '2020.2/china_unity/release' branch; Version is '2020.2.1f1c1 (252d8215dd99) revision 2436482'; Using compiler version '192528614'; Build Type 'Release'
OS: 'Windows 10  (10.0.0) 64bit' Language: 'zh' Physical Memory: 7960 MB
BatchMode: 1, IsHumanControllingUs: 0, StartBugReporterOnCrash: 0, Is64bit: 1, IsPro: 0

 COMMAND LINE ARGUMENTS:
C:\Program Files\Unity\Hub\Editor\2020.2.1f1c1\Editor\Unity.exe
-adb2
-batchMode
-noUpm
-name
AssetImportWorker0
-projectPath
D:/Project-ZT
-logFile
Logs/AssetImportWorker0.log
-srvPort
53593
Successfully changed project path to: D:/Project-ZT
D:/Project-ZT
Using Asset Import Pipeline V2.
Refreshing native plugins compatible for Editor in 87.09 ms, found 1 plugins.
Preloading 0 native plugins for Editor in 0.00 ms.
Initialize engine version: 2020.2.1f1c1 (252d8215dd99)
[Subsystems] Discovering subsystems at path C:/Program Files/Unity/Hub/Editor/2020.2.1f1c1/Editor/Data/Resources/UnitySubsystems
[Subsystems] Discovering subsystems at path D:/Project-ZT/Assets
GfxDevice: creating device client; threaded=0
Direct3D:
    Version:  Direct3D 11.0 [level 11.1]
    Renderer: Intel(R) HD Graphics 620 (ID=0x5916)
    Vendor:   
    VRAM:     3980 MB
    Driver:   26.20.100.6709
Shader 'Universal Render Pipeline/Particles/Lit': fallback shader 'Universal Render Pipeline/Particles/SimpleLit' not found
Initialize mono
Mono path[0] = 'C:/Program Files/Unity/Hub/Editor/2020.2.1f1c1/Editor/Data/Managed'
Mono path[1] = 'C:/Program Files/Unity/Hub/Editor/2020.2.1f1c1/Editor/Data/MonoBleedingEdge/lib/mono/unityjit'
Mono config path = 'C:/Program Files/Unity/Hub/Editor/2020.2.1f1c1/Editor/Data/MonoBleedingEdge/etc'
Using monoOptions --debugger-agent=transport=dt_socket,embedding=1,server=y,suspend=n,address=127.0.0.1:56096
Begin MonoManager ReloadAssembly
Registering precompiled unity dll's ...
Register platform support module: C:/Program Files/Unity/Hub/Editor/2020.2.1f1c1/Editor/Data/PlaybackEngines/WindowsStandaloneSupport/UnityEditor.WindowsStandalone.Extensions.dll
Registered in 0.001253 seconds.
Native extension for WindowsStandalone target not found
Refreshing native plugins compatible for Editor in 84.80 ms, found 1 plugins.
Preloading 0 native plugins for Editor in 0.00 ms.
Invoked RoslynAnalysisRunner static constructor.
RoslynAnalysisRunner will not be running.
RoslynAnalysisRunner has terminated.
Mono: successfully reloaded assembly
- Completed reload, in  6.998 seconds
Platform modules already initialized, skipping
Registering precompiled user dll's ...
Registered in 0.003031 seconds.
Begin MonoManager ReloadAssembly
Native extension for WindowsStandalone target not found
Refreshing native plugins compatible for Editor in 85.38 ms, found 1 plugins.
Preloading 0 native plugins for Editor in 0.00 ms.
Invoked RoslynAnalysisRunner static constructor.
RoslynAnalysisRunner will not be running.
RoslynAnalysisRunner has terminated.
Mono: successfully reloaded assembly
- Completed reload, in  1.350 seconds
Platform modules already initialized, skipping
========================================================================
Worker process is ready to serve import requests
Shader 'Universal Render Pipeline/Particles/Lit': fallback shader 'Universal Render Pipeline/Particles/SimpleLit' not found
Launched and connected shader compiler UnityShaderCompiler.exe after 0.04 seconds
Refreshing native plugins compatible for Editor in 0.91 ms, found 1 plugins.
Preloading 0 native plugins for Editor in 0.00 ms.
Unloading 3537 Unused Serialized files (Serialized files now loaded: 0)
System memory in use before: 152.1 MB.
System memory in use after: 152.3 MB.

Unloading 44 unused Assets to reduce memory usage. Loaded Objects now: 3959.
Total: 3.286500 ms (FindLiveObjects: 0.505700 ms CreateObjectMapping: 0.252800 ms MarkObjects: 2.452500 ms  DeleteObjects: 0.073600 ms)

========================================================================
Received Import Request.
  path: Assets/New Terrain 1.asset
  artifactKey: Guid(d6cc5763bad0ffa42aaa4c28a2a4a513) Importer(815301076,1909f56bfc062723c751e8b465ee728b)
Start importing Assets/New Terrain 1.asset using Guid(d6cc5763bad0ffa42aaa4c28a2a4a513) Importer(815301076,1909f56bfc062723c751e8b465ee728b)  -> (artifact id: '51e92b3b6fd26fd1bcf73168fbf754e2') in 0.043318 seconds
  Import took 0.049669 seconds .

========================================================================
Received Import Request.
  Time since last request: 0.000276 seconds.
  path: Assets/Scene/UI.unity
  artifactKey: Guid(017aed493be5ed443a1e8c6d3153e38a) Importer(815301076,1909f56bfc062723c751e8b465ee728b)
Start importing Assets/Scene/UI.unity using Guid(017aed493be5ed443a1e8c6d3153e38a) Importer(815301076,1909f56bfc062723c751e8b465ee728b)  -> (artifact id: '77ff3db5f96a1c323653b804b84358af') in 0.001355 seconds
  Import took 0.007892 seconds .

========================================================================
Received Prepare
Registering precompiled user dll's ...
Registered in 0.003098 seconds.
Begin MonoManager ReloadAssembly
Native extension for WindowsStandalone target not found
Refreshing native plugins compatible for Editor in 0.87 ms, found 1 plugins.
Preloading 0 native plugins for Editor in 0.00 ms.
Invoked RoslynAnalysisRunner static constructor.
RoslynAnalysisRunner will not be running.
RoslynAnalysisRunner has terminated.
Mono: successfully reloaded assembly
- Completed reload, in  1.055 seconds
Platform modules already initialized, skipping
Shader 'Universal Render Pipeline/Particles/Lit': fallback shader 'Universal Render Pipeline/Particles/SimpleLit' not found
Refreshing native plugins compatible for Editor in 0.94 ms, found 1 plugins.
Preloading 0 native plugins for Editor in 0.00 ms.
Unloading 3444 Unused Serialized files (Serialized files now loaded: 0)
System memory in use before: 143.6 MB.
System memory in use after: 143.4 MB.

Unloading 35 unused Assets to reduce memory usage. Loaded Objects now: 3963.
Total: 3.461100 ms (FindLiveObjects: 0.420400 ms CreateObjectMapping: 0.230500 ms MarkObjects: 2.380800 ms  DeleteObjects: 0.427400 ms)

========================================================================
Received Import Request.
  Time since last request: 106.894762 seconds.
  path: Assets/plugins/LeoLuz/Virtual Plug and Play Joystick/Sprites/RightButtons.psd
  artifactKey: Guid(8d2c64be8281ba844a6d5ebca74c7499) Importer(815301076,1909f56bfc062723c751e8b465ee728b)
Start importing Assets/plugins/LeoLuz/Virtual Plug and Play Joystick/Sprites/RightButtons.psd using Guid(8d2c64be8281ba844a6d5ebca74c7499) Importer(815301076,1909f56bfc062723c751e8b465ee728b)  -> (artifact id: '62a9b07cb87a18ae7fa10921333ff353') in 0.172621 seconds
  Import took 0.182247 seconds .

========================================================================
Received Import Request.
  Time since last request: 0.000292 seconds.
  path: Assets/Resources/Icon/90sheji_linggan_13237945.png
  artifactKey: Guid(9ecd6643c2fbb764d9524a3689dc0f12) Importer(815301076,1909f56bfc062723c751e8b465ee728b)
Start importing Assets/Resources/Icon/90sheji_linggan_13237945.png using Guid(9ecd6643c2fbb764d9524a3689dc0f12) Importer(815301076,1909f56bfc062723c751e8b465ee728b)  -> (artifact id: '16e15815043bdc2a3ebbeb8d3aa43a34') in 0.040203 seconds
  Import took 0.048956 seconds .

========================================================================
Received Import Request.
  Time since last request: 0.000189 seconds.
  path: Assets/plugins/LeoLuz/Virtual Plug and Play Joystick/Sprites/RightButtons.psd
  artifactKey: Guid(8d2c64be8281ba844a6d5ebca74c7499) Importer(815301076,1909f56bfc062723c751e8b465ee728b)
Start importing Assets/plugins/LeoLuz/Virtual Plug and Play Joystick/Sprites/RightButtons.psd using Guid(8d2c64be8281ba844a6d5ebca74c7499) Importer(815301076,1909f56bfc062723c751e8b465ee728b)  -> (artifact id: '62a9b07cb87a18ae7fa10921333ff353') in 0.025444 seconds
  Import took 0.032955 seconds .

========================================================================
Received Import Request.
  Time since last request: 0.000273 seconds.
  path: Assets/Resources/Icon/90sheji_linggan_13237945.png
  artifactKey: Guid(9ecd6643c2fbb764d9524a3689dc0f12) Importer(815301076,1909f56bfc062723c751e8b465ee728b)
Start importing Assets/Resources/Icon/90sheji_linggan_13237945.png using Guid(9ecd6643c2fbb764d9524a3689dc0f12) Importer(815301076,1909f56bfc062723c751e8b465ee728b)  -> (artifact id: '16e15815043bdc2a3ebbeb8d3aa43a34') in 0.013449 seconds
  Import took 0.023453 seconds .

========================================================================
Received Prepare
Registering precompiled user dll's ...
Registered in 0.002827 seconds.
Begin MonoManager ReloadAssembly
Native extension for WindowsStandalone target not found
Refreshing native plugins compatible for Editor in 0.88 ms, found 1 plugins.
Preloading 0 native plugins for Editor in 0.00 ms.
Invoked RoslynAnalysisRunner static constructor.
RoslynAnalysisRunner will not be running.
RoslynAnalysisRunner has terminated.
Mono: successfully reloaded assembly
- Completed reload, in  1.108 seconds
Platform modules already initialized, skipping
Shader 'Universal Render Pipeline/Particles/Lit': fallback shader 'Universal Render Pipeline/Particles/SimpleLit' not found
Refreshing native plugins compatible for Editor in 0.96 ms, found 1 plugins.
Preloading 0 native plugins for Editor in 0.00 ms.
Unloading 3445 Unused Serialized files (Serialized files now loaded: 0)
System memory in use before: 146.2 MB.
System memory in use after: 146.5 MB.

Unloading 33 unused Assets to reduce memory usage. Loaded Objects now: 3979.
Total: 2.995100 ms (FindLiveObjects: 0.334300 ms CreateObjectMapping: 0.210900 ms MarkObjects: 2.418800 ms  DeleteObjects: 0.029600 ms)

========================================================================
Received Prepare
Registering precompiled user dll's ...
Registered in 0.005831 seconds.
Begin MonoManager ReloadAssembly
Native extension for WindowsStandalone target not found
Refreshing native plugins compatible for Editor in 2.03 ms, found 1 plugins.
Preloading 0 native plugins for Editor in 0.00 ms.
Invoked RoslynAnalysisRunner static constructor.
RoslynAnalysisRunner will not be running.
RoslynAnalysisRunner has terminated.
Mono: successfully reloaded assembly
- Completed reload, in  1.662 seconds
Platform modules already initialized, skipping
Shader 'Universal Render Pipeline/Particles/Lit': fallback shader 'Universal Render Pipeline/Particles/SimpleLit' not found
Refreshing native plugins compatible for Editor in 1.07 ms, found 1 plugins.
Preloading 0 native plugins for Editor in 0.00 ms.
Unloading 3445 Unused Serialized files (Serialized files now loaded: 0)
System memory in use before: 146.3 MB.
System memory in use after: 146.5 MB.

Unloading 33 unused Assets to reduce memory usage. Loaded Objects now: 3982.
Total: 2.893600 ms (FindLiveObjects: 0.340100 ms CreateObjectMapping: 0.154800 ms MarkObjects: 2.367900 ms  DeleteObjects: 0.029000 ms)

========================================================================
Received Prepare
Registering precompiled user dll's ...
Registered in 0.003770 seconds.
Begin MonoManager ReloadAssembly
Native extension for WindowsStandalone target not found
Refreshing native plugins compatible for Editor in 1.16 ms, found 1 plugins.
Preloading 0 native plugins for Editor in 0.00 ms.
Invoked RoslynAnalysisRunner static constructor.
RoslynAnalysisRunner will not be running.
RoslynAnalysisRunner has terminated.
Mono: successfully reloaded assembly
- Completed reload, in  1.127 seconds
Platform modules already initialized, skipping
Shader 'Universal Render Pipeline/Particles/Lit': fallback shader 'Universal Render Pipeline/Particles/SimpleLit' not found
Refreshing native plugins compatible for Editor in 0.88 ms, found 1 plugins.
Preloading 0 native plugins for Editor in 0.00 ms.
Unloading 3447 Unused Serialized files (Serialized files now loaded: 0)
System memory in use before: 146.5 MB.
System memory in use after: 146.7 MB.

Unloading 33 unused Assets to reduce memory usage. Loaded Objects now: 3987.
Total: 3.172200 ms (FindLiveObjects: 0.287800 ms CreateObjectMapping: 0.154600 ms MarkObjects: 2.678100 ms  DeleteObjects: 0.049500 ms)

========================================================================
Received Prepare
Registering precompiled user dll's ...
Registered in 0.005193 seconds.
Begin MonoManager ReloadAssembly
Native extension for WindowsStandalone target not found
Refreshing native plugins compatible for Editor in 0.89 ms, found 1 plugins.
Preloading 0 native plugins for Editor in 0.00 ms.
Invoked RoslynAnalysisRunner static constructor.
RoslynAnalysisRunner will not be running.
RoslynAnalysisRunner has terminated.
Mono: successfully reloaded assembly
- Completed reload, in  1.467 seconds
Platform modules already initialized, skipping
Shader 'Universal Render Pipeline/Particles/Lit': fallback shader 'Universal Render Pipeline/Particles/SimpleLit' not found
Refreshing native plugins compatible for Editor in 0.87 ms, found 1 plugins.
Preloading 0 native plugins for Editor in 0.00 ms.
Unloading 3448 Unused Serialized files (Serialized files now loaded: 0)
System memory in use before: 146.6 MB.
System memory in use after: 146.8 MB.

Unloading 33 unused Assets to reduce memory usage. Loaded Objects now: 3991.
Total: 2.986100 ms (FindLiveObjects: 0.399900 ms CreateObjectMapping: 0.249800 ms MarkObjects: 2.303200 ms  DeleteObjects: 0.031400 ms)

========================================================================
Received Prepare
Registering precompiled user dll's ...
Registered in 0.004644 seconds.
Begin MonoManager ReloadAssembly
Native extension for WindowsStandalone target not found
Refreshing native plugins compatible for Editor in 0.90 ms, found 1 plugins.
Preloading 0 native plugins for Editor in 0.00 ms.
Invoked RoslynAnalysisRunner static constructor.
RoslynAnalysisRunner will not be running.
RoslynAnalysisRunner has terminated.
Mono: successfully reloaded assembly
- Completed reload, in  1.485 seconds
Platform modules already initialized, skipping
Shader 'Universal Render Pipeline/Particles/Lit': fallback shader 'Universal Render Pipeline/Particles/SimpleLit' not found
Refreshing native plugins compatible for Editor in 0.97 ms, found 1 plugins.
Preloading 0 native plugins for Editor in 0.00 ms.
Unloading 3471 Unused Serialized files (Serialized files now loaded: 0)
System memory in use before: 147.3 MB.
System memory in use after: 147.5 MB.

Unloading 33 unused Assets to reduce memory usage. Loaded Objects now: 4023.
Total: 2.887500 ms (FindLiveObjects: 0.290800 ms CreateObjectMapping: 0.200200 ms MarkObjects: 2.350000 ms  DeleteObjects: 0.044100 ms)

========================================================================
Received Prepare
Registering precompiled user dll's ...
Registered in 0.004178 seconds.
Begin MonoManager ReloadAssembly
Native extension for WindowsStandalone target not found
Refreshing native plugins compatible for Editor in 1.58 ms, found 1 plugins.
Preloading 0 native plugins for Editor in 0.00 ms.
Invoked RoslynAnalysisRunner static constructor.
RoslynAnalysisRunner will not be running.
RoslynAnalysisRunner has terminated.
Mono: successfully reloaded assembly
- Completed reload, in  1.599 seconds
Platform modules already initialized, skipping
Shader 'Universal Render Pipeline/Particles/Lit': fallback shader 'Universal Render Pipeline/Particles/SimpleLit' not found
Refreshing native plugins compatible for Editor in 1.25 ms, found 1 plugins.
Preloading 0 native plugins for Editor in 0.00 ms.
Unloading 3471 Unused Serialized files (Serialized files now loaded: 0)
System memory in use before: 147.4 MB.
System memory in use after: 147.6 MB.

Unloading 33 unused Assets to reduce memory usage. Loaded Objects now: 4026.
Total: 3.041000 ms (FindLiveObjects: 0.344700 ms CreateObjectMapping: 0.157400 ms MarkObjects: 2.508600 ms  DeleteObjects: 0.028300 ms)

========================================================================
Received Prepare
Registering precompiled user dll's ...
Registered in 0.002966 seconds.
Begin MonoManager ReloadAssembly
Native extension for WindowsStandalone target not found
Refreshing native plugins compatible for Editor in 0.95 ms, found 1 plugins.
Preloading 0 native plugins for Editor in 0.00 ms.
Invoked RoslynAnalysisRunner static constructor.
RoslynAnalysisRunner will not be running.
RoslynAnalysisRunner has terminated.
Mono: successfully reloaded assembly
- Completed reload, in  1.094 seconds
Platform modules already initialized, skipping
Shader 'Universal Render Pipeline/Particles/Lit': fallback shader 'Universal Render Pipeline/Particles/SimpleLit' not found
Refreshing native plugins compatible for Editor in 0.97 ms, found 1 plugins.
Preloading 0 native plugins for Editor in 0.00 ms.
Unloading 3471 Unused Serialized files (Serialized files now loaded: 0)
System memory in use before: 147.4 MB.
System memory in use after: 147.7 MB.

Unloading 33 unused Assets to reduce memory usage. Loaded Objects now: 4029.
Total: 3.066000 ms (FindLiveObjects: 0.292600 ms CreateObjectMapping: 0.159600 ms MarkObjects: 2.583300 ms  DeleteObjects: 0.028600 ms)

