
=== Thu Mar 14 00:16:04 2019

Packages were changed.
Update Mode: updateDependencies

The following packages were added:
  com.unity.analytics@3.2.2
  com.unity.purchasing@2.0.3
  com.unity.ads@2.0.8
  com.unity.textmeshpro@1.3.0
  com.unity.package-manager-ui@2.0.3
  com.unity.collab-proxy@1.2.15
  com.unity.modules.ai@1.0.0
  com.unity.modules.animation@1.0.0
  com.unity.modules.assetbundle@1.0.0
  com.unity.modules.audio@1.0.0
  com.unity.modules.cloth@1.0.0
  com.unity.modules.director@1.0.0
  com.unity.modules.imageconversion@1.0.0
  com.unity.modules.imgui@1.0.0
  com.unity.modules.jsonserialize@1.0.0
  com.unity.modules.particlesystem@1.0.0
  com.unity.modules.physics@1.0.0
  com.unity.modules.physics2d@1.0.0
  com.unity.modules.screencapture@1.0.0
  com.unity.modules.terrain@1.0.0
  com.unity.modules.terrainphysics@1.0.0
  com.unity.modules.tilemap@1.0.0
  com.unity.modules.ui@1.0.0
  com.unity.modules.uielements@1.0.0
  com.unity.modules.umbra@1.0.0
  com.unity.modules.unityanalytics@1.0.0
  com.unity.modules.unitywebrequest@1.0.0
  com.unity.modules.unitywebrequestassetbundle@1.0.0
  com.unity.modules.unitywebrequestaudio@1.0.0
  com.unity.modules.unitywebrequesttexture@1.0.0
  com.unity.modules.unitywebrequestwww@1.0.0
  com.unity.modules.vehicles@1.0.0
  com.unity.modules.video@1.0.0
  com.unity.modules.vr@1.0.0
  com.unity.modules.wind@1.0.0
  com.unity.modules.xr@1.0.0

=== Tue Mar 19 13:20:25 2019

Packages were changed.
Update Mode: updateDependencies

The following packages were updated:
  com.unity.package-manager-ui from version 2.0.3 to 2.0.7

=== Mon May 13 21:54:23 2019

Packages were changed.
Update Mode: updateDependencies

The following packages were added:
  com.unity.timeline@1.0.0
  com.unity.multiplayer-hlapi@1.0.2
  com.unity.xr.legacyinputhelpers@2.0.2
The following packages were updated:
  com.unity.analytics from version 3.2.2 to 3.3.2
  com.unity.collab-proxy from version 1.2.15 to 1.2.16
  com.unity.package-manager-ui from version 2.0.7 to 2.1.2
  com.unity.purchasing from version 2.0.3 to 2.0.6
  com.unity.textmeshpro from version 1.3.0 to 2.0.0

=== Mon May 27 14:54:30 2019

Packages were changed.
Update Mode: updateDependencies

The following packages were updated:
  com.unity.textmeshpro from version 2.0.0 to 2.0.1

=== Wed Jul 31 13:04:28 2019

Packages were changed.
Update Mode: updateDependencies

The following packages were added:
  com.unity.2d.tilemap@1.0.0
  com.unity.ext.nunit@1.0.0
  com.unity.test-framework@1.0.13
  com.unity.2d.sprite@1.0.0
  com.unity.ide.vscode@1.0.7
  com.unity.ide.rider@1.0.8
  com.unity.ugui@1.0.0
  com.unity.modules.androidjni@1.0.0
The following packages were updated:
  com.unity.package-manager-ui from version 2.1.2 to 2.2.0
  com.unity.render-pipelines.lightweight from version 5.16.1 to 6.9.0
  com.unity.timeline from version 1.0.0 to 1.1.0

=== Wed Sep  4 14:35:18 2019

Packages were changed.
Update Mode: updateDependencies

The following packages were updated:
  com.unity.ide.rider from version 1.0.8 to 1.1.0
  com.unity.ide.vscode from version 1.0.7 to 1.1.0

=== Sun Nov  3 17:36:56 2019

Packages were changed.
Update Mode: updateDependencies

The following packages were updated:
  com.unity.ide.vscode from version 1.1.0 to 1.1.2

=== Wed Dec  4 15:48:14 2019

Packages were changed.
Update Mode: updateDependencies

The following packages were 已更新:
  com.unity.postprocessing 从版本 2.1.7 到 2.2.1
  com.unity.render-pipelines.core 从版本 6.9.2 到 7.1.5
  com.unity.render-pipelines.lightweight 从版本 6.9.2 到 7.1.5
  com.unity.test-framework 从版本 1.0.18 到 1.1.3
  com.unity.timeline 从版本 1.1.0 到 1.2.6
The following packages were 已移除:
  com.unity.package-manager-ui@2.2.0

=== Sat Feb 15 18:28:41 2020

Packages were changed.
Update Mode: updateDependencies

The following packages were 已更新:
  com.unity.2d.animation 从版本 3.0.8 到 3.1.0
  com.unity.analytics 从版本 3.3.4 到 3.3.5
  com.unity.ide.vscode 从版本 1.1.3 到 1.1.4
  com.unity.postprocessing 从版本 2.2.2 到 2.3.0
  com.unity.render-pipelines.core 从版本 7.1.6 到 7.1.8
  com.unity.render-pipelines.lightweight 从版本 7.1.6 到 7.1.8
  com.unity.test-framework 从版本 1.1.8 到 1.1.11
  com.unity.timeline 从版本 1.2.6 到 1.2.10

=== Sat Feb 15 20:24:12 2020

Packages were changed.
Update Mode: updateDependencies

The following packages were 已更新:
  com.unity.render-pipelines.universal 从版本 7.1.6 到 7.1.8

=== Mon Jan  4 17:25:24 2021

Packages were changed.
Update Mode: updateDependencies

The following packages were 已添加:
  com.unity.ide.visualstudio@2.0.5
The following packages were 已更新:
  com.unity.2d.animation 从版本 3.1.1 到 5.0.3
  com.unity.2d.path 从版本 2.0.4 到 4.0.1
  com.unity.ads 从版本 2.0.8 到 3.5.2
  com.unity.analytics 从版本 3.3.5 到 3.5.3
  com.unity.collab-proxy 从版本 1.2.16 到 1.3.9
  com.unity.ext.nunit 从版本 1.0.0 到 1.0.5
  com.unity.ide.vscode 从版本 1.1.4 到 1.2.3
  com.unity.purchasing 从版本 2.0.6 到 2.1.1
  com.unity.render-pipelines.core 从版本 7.1.8 到 10.2.2
  com.unity.render-pipelines.lightweight 从版本 7.2.1 到 10.2.2
  com.unity.render-pipelines.universal 从版本 7.1.8 到 10.2.2
  com.unity.test-framework 从版本 1.1.11 到 1.1.19
  com.unity.textmeshpro 从版本 2.0.1 到 3.0.1
  com.unity.xr.legacyinputhelpers 从版本 2.0.6 到 2.1.6

=== Mon Jan 25 11:28:27 2021

Packages were changed.
Update Mode: updateDependencies

The following packages were 已更新:
  com.unity.purchasing 从版本 2.1.1 到 2.2.1

=== Thu Feb  4 20:17:43 2021

Packages were changed.
Update Mode: updateDependencies

The following packages were updated:
  com.unity.ads from version 3.5.2 to 3.6.1

=== Wed Jul  7 17:06:37 2021

Packages were changed.
Update Mode: updateDependencies

The following packages were 已更新:
  com.unity.2d.animation 从版本 5.0.3 到 5.0.5
  com.unity.ads 从版本 3.6.1 到 3.7.1
  com.unity.collab-proxy 从版本 1.3.9 到 1.5.7
  com.unity.ide.visualstudio 从版本 2.0.5 到 2.0.9
  com.unity.purchasing 从版本 2.2.1 到 3.2.2
  com.unity.render-pipelines.core 从版本 10.2.2 到 10.5.0
  com.unity.render-pipelines.lightweight 从版本 10.2.2 到 10.5.0
  com.unity.render-pipelines.universal 从版本 10.2.2 到 10.5.0
  com.unity.test-framework 从版本 1.1.20 到 1.1.26
  com.unity.textmeshpro 从版本 3.0.3 到 3.0.6
  com.unity.timeline 从版本 1.4.6 到 1.4.8

=== Tue Jul 13 13:17:49 2021

Packages were changed.
Update Mode: updateDependencies

The following packages were 已更新:
  com.unity.2d.animation 从版本 5.0.6 到 6.0.4
  com.unity.2d.path 从版本 4.0.1 到 5.0.0
  com.unity.cinemachine 从版本 2.6.5 到 2.7.4
  com.unity.render-pipelines.core 从版本 10.5.0 到 11.0.0
  com.unity.render-pipelines.universal 从版本 10.5.0 到 11.0.0
  com.unity.timeline 从版本 1.4.8 到 1.5.5

=== Mon Aug  2 11:23:12 2021

Packages were changed.
Update Mode: updateDependencies

The following packages were 已更新:
  com.unity.collab-proxy 从版本 1.5.7 到 1.7.1

=== Mon Aug 30 14:29:30 2021

Packages were changed.
Update Mode: updateDependencies

The following packages were 已更新:
  com.unity.2d.tilemap.extras 从版本 2.0.0 到 2.2.0

=== Sun Sep 12 00:01:18 2021

Packages were changed.
Update Mode: updateDependencies

The following packages were 已更新:
  com.unity.collab-proxy 从版本 1.7.1 到 1.9.0

=== Thu Sep 16 21:23:30 2021

Packages were changed.
Update Mode: updateDependencies

The following packages were 已更新:
  com.unity.analytics 从版本 3.5.3 到 3.6.11

=== Tue Oct 19 20:03:10 2021

Packages were changed.
Update Mode: updateDependencies

The following packages were updated:
  com.unity.collab-proxy from version 1.9.0 to 1.11.2
  com.unity.purchasing from version 3.2.3 to 4.0.3

=== Sat Oct 30 00:03:22 2021

Packages were changed.
Update Mode: updateDependencies

The following packages were updated:
  com.unity.2d.animation from version 6.0.5 to 7.0.0
  com.unity.2d.psdimporter from version 5.0.6 to 6.0.0
  com.unity.cinemachine from version 2.7.8 to 2.8.0
  com.unity.collab-proxy from version 1.11.2 to 1.13.5
  com.unity.inputsystem from version 1.0.2 to 1.1.1
  com.unity.render-pipelines.core from version 11.0.0 to 12.1.0
  com.unity.render-pipelines.universal from version 11.0.0 to 12.1.0
  com.unity.timeline from version 1.5.6 to 1.6.2
  nuget.mono-cecil from version 0.1.6-preview to 1.0.0
The following packages were removed:
  com.unity.multiplayer-hlapi@1.0.8
  com.unity.render-pipelines.lightweight@10.5.1
